This is XeTeX, Version 3.14159265-2.6-0.99998 (TeX Live 2017) (preloaded format=xelatex 2018.1.20)  31 AUG 2018 10:01
entering extended mode
 restricted \write18 enabled.
 %&-line parsing enabled.
**Report.tex
(./Report.tex
LaTeX2e <2017-04-15>
Babel <3.10> and hyphenation patterns for 84 language(s) loaded.
(/usr/local/texlive/2017/texmf-dist/tex/latex/base/article.cls
Document Class: article 2014/09/29 v1.4h Standard LaTeX document class
(/usr/local/texlive/2017/texmf-dist/tex/latex/base/size10.clo
File: size10.clo 2014/09/29 v1.4h Standard LaTeX file (size option)
)
\c@part=\count79
\c@section=\count80
\c@subsection=\count81
\c@subsubsection=\count82
\c@paragraph=\count83
\c@subparagraph=\count84
\c@figure=\count85
\c@table=\count86
\abovecaptionskip=\skip41
\belowcaptionskip=\skip42
\bibindent=\dimen102
)
(/usr/local/texlive/2017/texmf-dist/tex/latex/amsmath/amsmath.sty
Package: amsmath 2016/11/05 v2.16a AMS math features
\@mathmargin=\skip43

For additional information on amsmath, use the `?' option.
(/usr/local/texlive/2017/texmf-dist/tex/latex/amsmath/amstext.sty
Package: amstext 2000/06/29 v2.01 AMS text

(/usr/local/texlive/2017/texmf-dist/tex/latex/amsmath/amsgen.sty
File: amsgen.sty 1999/11/30 v2.0 generic functions
\@emptytoks=\toks14
\ex@=\dimen103
))
(/usr/local/texlive/2017/texmf-dist/tex/latex/amsmath/amsbsy.sty
Package: amsbsy 1999/11/29 v1.2d Bold Symbols
\pmbraise@=\dimen104
)
(/usr/local/texlive/2017/texmf-dist/tex/latex/amsmath/amsopn.sty
Package: amsopn 2016/03/08 v2.02 operator names
)
\inf@bad=\count87
LaTeX Info: Redefining \frac on input line 213.
\uproot@=\count88
\leftroot@=\count89
LaTeX Info: Redefining \overline on input line 375.
\classnum@=\count90
\DOTSCASE@=\count91
LaTeX Info: Redefining \ldots on input line 472.
LaTeX Info: Redefining \dots on input line 475.
LaTeX Info: Redefining \cdots on input line 596.
\Mathstrutbox@=\box26
\strutbox@=\box27
\big@size=\dimen105
LaTeX Font Info:    Redeclaring font encoding OML on input line 712.
LaTeX Font Info:    Redeclaring font encoding OMS on input line 713.
\macc@depth=\count92
\c@MaxMatrixCols=\count93
\dotsspace@=\muskip10
\c@parentequation=\count94
\dspbrk@lvl=\count95
\tag@help=\toks15
\row@=\count96
\column@=\count97
\maxfields@=\count98
\andhelp@=\toks16
\eqnshift@=\dimen106
\alignsep@=\dimen107
\tagshift@=\dimen108
\tagwidth@=\dimen109
\totwidth@=\dimen110
\lineht@=\dimen111
\@envbody=\toks17
\multlinegap=\skip44
\multlinetaggap=\skip45
\mathdisplay@stack=\toks18
LaTeX Info: Redefining \[ on input line 2817.
LaTeX Info: Redefining \] on input line 2818.
)
(/usr/local/texlive/2017/texmf-dist/tex/latex/hyperref/hyperref.sty
Package: hyperref 2017/03/14 v6.85a Hypertext links for LaTeX

(/usr/local/texlive/2017/texmf-dist/tex/generic/oberdiek/hobsub-hyperref.sty
Package: hobsub-hyperref 2016/05/16 v1.14 Bundle oberdiek, subset hyperref (HO)


(/usr/local/texlive/2017/texmf-dist/tex/generic/oberdiek/hobsub-generic.sty
Package: hobsub-generic 2016/05/16 v1.14 Bundle oberdiek, subset generic (HO)
Package: hobsub 2016/05/16 v1.14 Construct package bundles (HO)
Package: infwarerr 2016/05/16 v1.4 Providing info/warning/error messages (HO)
Package: ltxcmds 2016/05/16 v1.23 LaTeX kernel commands for general use (HO)
Package: ifluatex 2016/05/16 v1.4 Provides the ifluatex switch (HO)
Package ifluatex Info: LuaTeX not detected.
Package: ifvtex 2016/05/16 v1.6 Detect VTeX and its facilities (HO)
Package ifvtex Info: VTeX not detected.
Package: intcalc 2016/05/16 v1.2 Expandable calculations with integers (HO)
Package: ifpdf 2017/03/15 v3.2 Provides the ifpdf switch
Package: etexcmds 2016/05/16 v1.6 Avoid name clashes with e-TeX commands (HO)
Package etexcmds Info: Could not find \expanded.
(etexcmds)             That can mean that you are not using pdfTeX 1.50 or
(etexcmds)             that some package has redefined \expanded.
(etexcmds)             In the latter case, load this package earlier.
Package: kvsetkeys 2016/05/16 v1.17 Key value parser (HO)
Package: kvdefinekeys 2016/05/16 v1.4 Define keys (HO)
Package: pdftexcmds 2017/03/19 v0.25 Utility functions of pdfTeX for LuaTeX (HO
)
Package pdftexcmds Info: LuaTeX not detected.
Package pdftexcmds Info: pdfTeX >= 1.30 not detected.
Package pdftexcmds Info: \pdf@primitive is available.
Package pdftexcmds Info: \pdf@ifprimitive is available.
Package pdftexcmds Info: \pdfdraftmode not found.
Package: pdfescape 2016/05/16 v1.14 Implements pdfTeX's escape features (HO)
Package: bigintcalc 2016/05/16 v1.4 Expandable calculations on big integers (HO
)
Package: bitset 2016/05/16 v1.2 Handle bit-vector datatype (HO)
Package: uniquecounter 2016/05/16 v1.3 Provide unlimited unique counter (HO)
)
Package hobsub Info: Skipping package `hobsub' (already loaded).
Package: letltxmacro 2016/05/16 v1.5 Let assignment for LaTeX macros (HO)
Package: hopatch 2016/05/16 v1.3 Wrapper for package hooks (HO)
Package: xcolor-patch 2016/05/16 xcolor patch
Package: atveryend 2016/05/16 v1.9 Hooks at the very end of document (HO)
Package atveryend Info: \enddocument detected (standard20110627).
Package: atbegshi 2016/06/09 v1.18 At begin shipout hook (HO)
Package: refcount 2016/05/16 v3.5 Data extraction from label references (HO)
Package: hycolor 2016/05/16 v1.8 Color options for hyperref/bookmark (HO)
)
(/usr/local/texlive/2017/texmf-dist/tex/latex/graphics/keyval.sty
Package: keyval 2014/10/28 v1.15 key=value parser (DPC)
\KV@toks@=\toks19
)
(/usr/local/texlive/2017/texmf-dist/tex/generic/ifxetex/ifxetex.sty
Package: ifxetex 2010/09/12 v0.6 Provides ifxetex conditional
)
(/usr/local/texlive/2017/texmf-dist/tex/latex/oberdiek/auxhook.sty
Package: auxhook 2016/05/16 v1.4 Hooks for auxiliary files (HO)
)
(/usr/local/texlive/2017/texmf-dist/tex/latex/oberdiek/kvoptions.sty
Package: kvoptions 2016/05/16 v3.12 Key value format for package options (HO)
)
\@linkdim=\dimen112
\Hy@linkcounter=\count99
\Hy@pagecounter=\count100

(/usr/local/texlive/2017/texmf-dist/tex/latex/hyperref/pd1enc.def
File: pd1enc.def 2017/03/14 v6.85a Hyperref: PDFDocEncoding definition (HO)
)
\Hy@SavedSpaceFactor=\count101

(/usr/local/texlive/2017/texmf-dist/tex/latex/latexconfig/hyperref.cfg
File: hyperref.cfg 2002/06/06 v1.2 hyperref configuration of TeXLive
)
Package hyperref Info: Option `colorlinks' set `true' on input line 4374.
Package hyperref Info: Hyper figures OFF on input line 4498.
Package hyperref Info: Link nesting OFF on input line 4503.
Package hyperref Info: Hyper index ON on input line 4506.
Package hyperref Info: Plain pages OFF on input line 4513.
Package hyperref Info: Backreferencing OFF on input line 4518.
Package hyperref Info: Implicit mode ON; LaTeX internals redefined.
Package hyperref Info: Bookmarks ON on input line 4751.
\c@Hy@tempcnt=\count102

(/usr/local/texlive/2017/texmf-dist/tex/latex/url/url.sty
\Urlmuskip=\muskip11
Package: url 2013/09/16  ver 3.4  Verb mode for urls, etc.
)
LaTeX Info: Redefining \url on input line 5104.
\XeTeXLinkMargin=\dimen113
\Fld@menulength=\count103
\Field@Width=\dimen114
\Fld@charsize=\dimen115
Package hyperref Info: Hyper figures OFF on input line 6358.
Package hyperref Info: Link nesting OFF on input line 6363.
Package hyperref Info: Hyper index ON on input line 6366.
Package hyperref Info: backreferencing OFF on input line 6373.
Package hyperref Info: Link coloring ON on input line 6376.
Package hyperref Info: Link coloring with OCG OFF on input line 6383.
Package hyperref Info: PDF/A mode OFF on input line 6388.
LaTeX Info: Redefining \ref on input line 6428.
LaTeX Info: Redefining \pageref on input line 6432.
\Hy@abspage=\count104
\c@Item=\count105
\c@Hfootnote=\count106
)

Package hyperref Message: Driver (autodetected): hxetex.

(/usr/local/texlive/2017/texmf-dist/tex/latex/hyperref/hxetex.def
File: hxetex.def 2017/03/14 v6.85a Hyperref driver for XeTeX

(/usr/local/texlive/2017/texmf-dist/tex/latex/hyperref/puenc.def
File: puenc.def 2017/03/14 v6.85a Hyperref: PDF Unicode definition (HO)
)
(/usr/local/texlive/2017/texmf-dist/tex/generic/oberdiek/stringenc.sty
Package: stringenc 2016/05/16 v1.11 Convert strings between diff. encodings (HO
)
)
\pdfm@box=\box28
\c@Hy@AnnotLevel=\count107
\HyField@AnnotCount=\count108
\Fld@listcount=\count109
\c@bookmark@seq@number=\count110

(/usr/local/texlive/2017/texmf-dist/tex/latex/oberdiek/rerunfilecheck.sty
Package: rerunfilecheck 2016/05/16 v1.8 Rerun checks for auxiliary files (HO)
Package rerunfilecheck Info: Feature \pdfmdfivesum is not available
(rerunfilecheck)             (e.g. pdfTeX or LuaTeX with package `pdftexcmds').

(rerunfilecheck)             Therefore file contents cannot be checked efficien
tly
(rerunfilecheck)             and the loading of the package is aborted.
)
\Hy@SectionHShift=\skip46
)
(/usr/local/texlive/2017/texmf-dist/tex/latex/geometry/geometry.sty
Package: geometry 2010/09/12 v5.6 Page Geometry
\Gm@cnth=\count111
\Gm@cntv=\count112
\c@Gm@tempcnt=\count113
\Gm@bindingoffset=\dimen116
\Gm@wd@mp=\dimen117
\Gm@odd@mp=\dimen118
\Gm@even@mp=\dimen119
\Gm@layoutwidth=\dimen120
\Gm@layoutheight=\dimen121
\Gm@layouthoffset=\dimen122
\Gm@layoutvoffset=\dimen123
\Gm@dimlist=\toks20
)
(./Report.aux)
\openout1 = `Report.aux'.

LaTeX Font Info:    Checking defaults for OML/cmm/m/it on input line 13.
LaTeX Font Info:    ... okay on input line 13.
LaTeX Font Info:    Checking defaults for T1/cmr/m/n on input line 13.
LaTeX Font Info:    ... okay on input line 13.
LaTeX Font Info:    Checking defaults for OT1/cmr/m/n on input line 13.
LaTeX Font Info:    ... okay on input line 13.
LaTeX Font Info:    Checking defaults for OMS/cmsy/m/n on input line 13.
LaTeX Font Info:    ... okay on input line 13.
LaTeX Font Info:    Checking defaults for TU/lmr/m/n on input line 13.
LaTeX Font Info:    ... okay on input line 13.
LaTeX Font Info:    Checking defaults for OMX/cmex/m/n on input line 13.
LaTeX Font Info:    ... okay on input line 13.
LaTeX Font Info:    Checking defaults for U/cmr/m/n on input line 13.
LaTeX Font Info:    ... okay on input line 13.
LaTeX Font Info:    Checking defaults for PD1/pdf/m/n on input line 13.
LaTeX Font Info:    ... okay on input line 13.
LaTeX Font Info:    Checking defaults for PU/pdf/m/n on input line 13.
LaTeX Font Info:    ... okay on input line 13.
\AtBeginShipoutBox=\box29
 (/usr/local/texlive/2017/texmf-dist/tex/latex/graphics/color.sty
Package: color 2016/07/10 v1.1e Standard LaTeX Color (DPC)
(/usr/local/texlive/2017/texmf-dist/tex/latex/graphics-cfg/color.cfg
File: color.cfg 2016/01/02 v1.6 sample color configuration
)
Package color Info: Driver file: xetex.def on input line 147.

(/usr/local/texlive/2017/texmf-dist/tex/latex/graphics-def/xetex.def
File: xetex.def 2016/07/11 v4.10 LaTeX color/graphics driver for XeTeX (L3/RRM/
JK)
))
Package hyperref Info: Link coloring ON on input line 13.

(/usr/local/texlive/2017/texmf-dist/tex/latex/hyperref/nameref.sty
Package: nameref 2016/05/21 v2.44 Cross-referencing by name of section

(/usr/local/texlive/2017/texmf-dist/tex/generic/oberdiek/gettitlestring.sty
Package: gettitlestring 2016/05/16 v1.5 Cleanup title references (HO)
)
\c@section@level=\count114
)
LaTeX Info: Redefining \ref on input line 13.
LaTeX Info: Redefining \pageref on input line 13.
LaTeX Info: Redefining \nameref on input line 13.

(./Report.out) (./Report.out)
\@outlinefile=\write3
\openout3 = `Report.out'.


*geometry* driver: auto-detecting
*geometry* detected driver: xetex
*geometry* verbose mode - [ preamble ] result:
* driver: xetex
* paper: <default>
* layout: <same size as paper>
* layoutoffset:(h,v)=(0.0pt,0.0pt)
* modes: 
* h-part:(L,W,R)=(56.9055pt, 500.484pt, 56.9055pt)
* v-part:(T,H,B)=(56.9055pt, 681.15898pt, 56.9055pt)
* \paperwidth=614.295pt
* \paperheight=794.96999pt
* \textwidth=500.484pt
* \textheight=681.15898pt
* \oddsidemargin=-15.36449pt
* \evensidemargin=-15.36449pt
* \topmargin=-52.36449pt
* \headheight=12.0pt
* \headsep=25.0pt
* \topskip=10.0pt
* \footskip=30.0pt
* \marginparwidth=65.0pt
* \marginparsep=11.0pt
* \columnsep=10.0pt
* \skip\footins=9.0pt plus 4.0pt minus 2.0pt
* \hoffset=0.0pt
* \voffset=0.0pt
* \mag=1000
* \@twocolumnfalse
* \@twosidefalse
* \@mparswitchfalse
* \@reversemarginfalse
* (1in=72.27pt=25.4mm, 1cm=28.453pt)


Underfull \hbox (badness 10000) in paragraph at lines 15--20

 []


Underfull \hbox (badness 10000) in paragraph at lines 22--27

 []


Underfull \hbox (badness 10000) in paragraph at lines 22--27

 []


Underfull \hbox (badness 10000) in paragraph at lines 30--33

 []


Overfull \hbox (109.28018pt too wide) in paragraph at lines 35--36
\TU/lmr/m/n/10 The code is at java package $\OML/cmm/m/it/10 MonteCarloNCubeBas
e$\TU/lmr/m/n/10 . The Monte Carlo Method developed at both class $\OML/cmm/m/i
t/10 MonteCarloNCubeBase\OT1/cmr/m/n/10 1\OML/cmm/m/it/10 TestPart\OT1/cmr/m/n/
10 1$
 []


Underfull \hbox (badness 10000) in paragraph at lines 37--40

 []


Underfull \hbox (badness 10000) in paragraph at lines 37--40

 []


Underfull \hbox (badness 10000) in paragraph at lines 41--50

 []


Underfull \hbox (badness 10000) in paragraph at lines 41--50

 []


Underfull \hbox (badness 10000) in paragraph at lines 41--50

 []


Underfull \hbox (badness 10000) in paragraph at lines 52--69

 []


Underfull \hbox (badness 10000) in paragraph at lines 52--69

 []


Underfull \hbox (badness 10000) in paragraph at lines 52--69

 []


Underfull \hbox (badness 10000) in paragraph at lines 52--69

 []


Underfull \hbox (badness 10000) in paragraph at lines 52--69

 []

(/usr/local/texlive/2017/texmf-dist/tex/generic/oberdiek/se-ascii-print.def
File: se-ascii-print.def 2016/05/16 v1.11 stringenc: Printable ASCII characters

)
[1

]
Underfull \hbox (badness 10000) in paragraph at lines 71--75

 []


Underfull \hbox (badness 10000) in paragraph at lines 79--101

 []


Underfull \hbox (badness 10000) in paragraph at lines 79--101

 []


Underfull \hbox (badness 10000) in paragraph at lines 79--101

 []


Underfull \hbox (badness 10000) in paragraph at lines 79--101

 []


Underfull \hbox (badness 10000) in paragraph at lines 79--101

 []


Underfull \hbox (badness 10000) in paragraph at lines 79--101

 []


Underfull \hbox (badness 10000) in paragraph at lines 79--101

 []


Underfull \hbox (badness 10000) in paragraph at lines 79--101

 []

[2]
Underfull \hbox (badness 10000) in paragraph at lines 102--104

 []


Underfull \hbox (badness 10000) in paragraph at lines 108--111

 []


Underfull \hbox (badness 10000) in paragraph at lines 108--111

 []


Underfull \hbox (badness 10000) in paragraph at lines 112--115

 []


Underfull \hbox (badness 10000) in paragraph at lines 112--115

 []


Underfull \hbox (badness 10000) in paragraph at lines 137--144

 []


Underfull \hbox (badness 10000) in paragraph at lines 137--144

 []


Underfull \hbox (badness 10000) in paragraph at lines 137--144

 []

[3]
Underfull \hbox (badness 10000) in paragraph at lines 145--276

 []


Underfull \hbox (badness 10000) in paragraph at lines 145--276

 []


Underfull \hbox (badness 10000) in paragraph at lines 145--276

 []


Underfull \hbox (badness 10000) in paragraph at lines 145--276

 []


Underfull \hbox (badness 10000) in paragraph at lines 145--276

 []


Underfull \hbox (badness 10000) in paragraph at lines 145--276

 []


Underfull \hbox (badness 10000) in paragraph at lines 145--276

 []


Underfull \hbox (badness 10000) in paragraph at lines 145--276

 []


Underfull \hbox (badness 10000) in paragraph at lines 145--276

 []


Underfull \hbox (badness 10000) in paragraph at lines 145--276

 []

[4]
Underfull \hbox (badness 10000) in paragraph at lines 278--281

 []


Underfull \hbox (badness 10000) in paragraph at lines 278--281

 []


Underfull \hbox (badness 10000) in paragraph at lines 282--286

 []


Underfull \hbox (badness 10000) in paragraph at lines 289--292

 []


Underfull \hbox (badness 10000) in paragraph at lines 289--292

 []


Underfull \hbox (badness 10000) in paragraph at lines 293--299

 []


Underfull \hbox (badness 10000) in paragraph at lines 293--299

 []


Underfull \hbox (badness 10000) in paragraph at lines 293--299

 []

[5]
Underfull \hbox (badness 10000) in paragraph at lines 304--307

 []


Underfull \hbox (badness 10000) in paragraph at lines 304--307

 []


Underfull \hbox (badness 10000) in paragraph at lines 308--372

 []


Underfull \hbox (badness 10000) in paragraph at lines 308--372

 []


Underfull \hbox (badness 10000) in paragraph at lines 308--372

 []


Underfull \hbox (badness 10000) in paragraph at lines 308--372

 []


Underfull \hbox (badness 10000) in paragraph at lines 308--372

 []


Underfull \hbox (badness 10000) in paragraph at lines 308--372

 []


Underfull \hbox (badness 10000) in paragraph at lines 308--372

 []


Underfull \hbox (badness 10000) in paragraph at lines 308--372

 []


Underfull \hbox (badness 10000) in paragraph at lines 308--372

 []


Underfull \hbox (badness 10000) in paragraph at lines 308--372

 []


Underfull \hbox (badness 10000) in paragraph at lines 308--372

 []


Underfull \hbox (badness 10000) in paragraph at lines 308--372

 []

[6]
Underfull \hbox (badness 10000) in paragraph at lines 373--376

 []


Underfull \hbox (badness 10000) in paragraph at lines 373--376

 []


Underfull \hbox (badness 10000) in paragraph at lines 379--443

 []


Underfull \hbox (badness 10000) in paragraph at lines 379--443

 []


Underfull \hbox (badness 10000) in paragraph at lines 379--443

 []


Overfull \hbox (58.69003pt too wide) in paragraph at lines 379--443
\TU/lmr/m/n/10 If we want to implement the code of this part, we can easily get
 the $\OML/cmm/m/it/10 ^^Y$ \TU/lmr/m/n/10 value from the above method $\OML/cm
m/m/it/10 Answer:answer\OT1/cmr/m/n/10 (\OML/cmm/m/it/10 intdimension\OT1/cmr/m
/n/10 )$\TU/lmr/m/n/10 .
 []


Underfull \hbox (badness 10000) in paragraph at lines 379--443

 []


Underfull \hbox (badness 10000) in paragraph at lines 379--443

 []


Underfull \hbox (badness 10000) in paragraph at lines 379--443

 []


Underfull \hbox (badness 10000) in paragraph at lines 379--443

 []


Underfull \hbox (badness 10000) in paragraph at lines 379--443

 []

[7]
Package atveryend Info: Empty hook `BeforeClearDocument' on input line 444.
 [8]
Package atveryend Info: Empty hook `AfterLastShipout' on input line 444.
 (./Report.aux)
Package atveryend Info: Empty hook `AtVeryEndDocument' on input line 444.
Package atveryend Info: Empty hook `AtEndAfterFileList' on input line 444.
Package atveryend Info: Empty hook `AtVeryVeryEnd' on input line 444.
 ) 
Here is how much of TeX's memory you used:
 8904 strings out of 493005
 124047 string characters out of 6134596
 220384 words of memory out of 5000000
 12861 multiletter control sequences out of 15000+600000
 4502 words of font info for 23 fonts, out of 8000000 for 9000
 1348 hyphenation exceptions out of 8191
 28i,16n,27p,1144b,348s stack positions out of 5000i,500n,10000p,200000b,80000s

Output written on Report.xdv (8 pages, 171252 bytes).
